Using pre-set license
Built from '2022.3/staging' branch; Version is '2022.3.13f1 (5f90a5ebde0f) revision 6262949'; Using compiler version '192829333'; Build Type 'Release'
OS: 'Windows 10  (10.0.19045) 64bit Professional' Language: 'pt' Physical Memory: 12232 MB
BatchMode: 1, IsHumanControllingUs: 0, StartBugReporterOnCrash: 0, Is64bit: 1, IsPro: 1

COMMAND LINE ARGUMENTS:
D:\Program Files\2022.3.13f1\Editor\Unity.exe
-adb2
-batchMode
-noUpm
-name
AssetImportWorker0
-projectPath
E:/Willian/Estudos/Unity 3D/MovementCharacter
-logFile
Logs/AssetImportWorker0.log
-srvPort
52164
Successfully changed project path to: E:/Willian/Estudos/Unity 3D/MovementCharacter
E:/Willian/Estudos/Unity 3D/MovementCharacter
[UnityMemory] Configuration Parameters - Can be set up in boot.config
    "memorysetup-bucket-allocator-granularity=16"
    "memorysetup-bucket-allocator-bucket-count=8"
    "memorysetup-bucket-allocator-block-size=33554432"
    "memorysetup-bucket-allocator-block-count=8"
    "memorysetup-main-allocator-block-size=16777216"
    "memorysetup-thread-allocator-block-size=16777216"
    "memorysetup-gfx-main-allocator-block-size=16777216"
    "memorysetup-gfx-thread-allocator-block-size=16777216"
    "memorysetup-cache-allocator-block-size=4194304"
    "memorysetup-typetree-allocator-block-size=2097152"
    "memorysetup-profiler-bucket-allocator-granularity=16"
    "memorysetup-profiler-bucket-allocator-bucket-count=8"
    "memorysetup-profiler-bucket-allocator-block-size=33554432"
    "memorysetup-profiler-bucket-allocator-block-count=8"
    "memorysetup-profiler-allocator-block-size=16777216"
    "memorysetup-profiler-editor-allocator-block-size=1048576"
    "memorysetup-temp-allocator-size-main=16777216"
    "memorysetup-job-temp-allocator-block-size=2097152"
    "memorysetup-job-temp-allocator-block-size-background=1048576"
    "memorysetup-job-temp-allocator-reduction-small-platforms=262144"
    "memorysetup-allocator-temp-initial-block-size-main=262144"
    "memorysetup-allocator-temp-initial-block-size-worker=262144"
    "memorysetup-temp-allocator-size-background-worker=32768"
    "memorysetup-temp-allocator-size-job-worker=262144"
    "memorysetup-temp-allocator-size-preload-manager=33554432"
    "memorysetup-temp-allocator-size-nav-mesh-worker=65536"
    "memorysetup-temp-allocator-size-audio-worker=65536"
    "memorysetup-temp-allocator-size-cloud-worker=32768"
    "memorysetup-temp-allocator-size-gi-baking-worker=262144"
    "memorysetup-temp-allocator-size-gfx=262144"
Player connection [8772] Host "[IP] 192.168.0.107 [Port] 0 [Flags] 2 [Guid] 4000683505 [EditorId] 4000683505 [Version] 1048832 [Id] WindowsEditor(7,DESKTOP-9BNT8C2) [Debug] 1 [PackageName] WindowsEditor [ProjectName] Editor" joined multi-casting on [225.0.0.222:54997]...

Player connection [8772] Host "[IP] 192.168.0.107 [Port] 0 [Flags] 2 [Guid] 4000683505 [EditorId] 4000683505 [Version] 1048832 [Id] WindowsEditor(7,DESKTOP-9BNT8C2) [Debug] 1 [PackageName] WindowsEditor [ProjectName] Editor" joined alternative multi-casting on [225.0.0.222:34997]...

[Physics::Module] Initialized MultithreadedJobDispatcher with 7 workers.
Refreshing native plugins compatible for Editor in 9.09 ms, found 3 plugins.
Preloading 0 native plugins for Editor in 0.00 ms.
Initialize engine version: 2022.3.13f1 (5f90a5ebde0f)
[Subsystems] Discovering subsystems at path D:/Program Files/2022.3.13f1/Editor/Data/Resources/UnitySubsystems
[Subsystems] Discovering subsystems at path E:/Willian/Estudos/Unity 3D/MovementCharacter/Assets
GfxDevice: creating device client; threaded=0; jobified=0
Direct3D:
    Version:  Direct3D 11.0 [level 11.1]
    Renderer: NVIDIA GeForce GT 1030 (ID=0x1d01)
    Vendor:   NVIDIA
    VRAM:     1981 MB
    Driver:   31.0.15.3623
Initialize mono
Mono path[0] = 'D:/Program Files/2022.3.13f1/Editor/Data/Managed'
Mono path[1] = 'D:/Program Files/2022.3.13f1/Editor/Data/MonoBleedingEdge/lib/mono/unityjit-win32'
Mono config path = 'D:/Program Files/2022.3.13f1/Editor/Data/MonoBleedingEdge/etc'
Using monoOptions --debugger-agent=transport=dt_socket,embedding=1,server=y,suspend=n,address=127.0.0.1:56544
Begin MonoManager ReloadAssembly
Registering precompiled unity dll's ...
Register platform support module: D:/Program Files/2022.3.13f1/Editor/Data/PlaybackEngines/WindowsStandaloneSupport/UnityEditor.WindowsStandalone.Extensions.dll
Registered in 0.008839 seconds.
- Loaded All Assemblies, in  0.657 seconds
Native extension for WindowsStandalone target not found
Mono: successfully reloaded assembly
- Finished resetting the current domain, in  0.528 seconds
Domain Reload Profiling: 1184ms
	BeginReloadAssembly (152ms)
		ExecutionOrderSort (0ms)
		DisableScriptedObjects (0ms)
		BackupInstance (0ms)
		ReleaseScriptingObjects (0ms)
		CreateAndSetChildDomain (1ms)
	RebuildCommonClasses (104ms)
	RebuildNativeTypeToScriptingClass (21ms)
	initialDomainReloadingComplete (99ms)
	LoadAllAssembliesAndSetupDomain (280ms)
		LoadAssemblies (151ms)
		RebuildTransferFunctionScriptingTraits (0ms)
		AnalyzeDomain (277ms)
			TypeCache.Refresh (274ms)
				TypeCache.ScanAssembly (253ms)
			ScanForSourceGeneratedMonoScriptInfo (1ms)
			ResolveRequiredComponents (1ms)
	FinalizeReload (528ms)
		ReleaseScriptCaches (0ms)
		RebuildScriptCaches (0ms)
		SetupLoadedEditorAssemblies (408ms)
			LogAssemblyErrors (0ms)
			InitializePlatformSupportModulesInManaged (17ms)
			SetLoadedEditorAssemblies (13ms)
			RefreshPlugins (0ms)
			BeforeProcessingInitializeOnLoad (5ms)
			ProcessInitializeOnLoadAttributes (289ms)
			ProcessInitializeOnLoadMethodAttributes (85ms)
			AfterProcessingInitializeOnLoad (0ms)
			EditorAssembliesLoaded (0ms)
		ExecutionOrderSort2 (0ms)
		AwakeInstancesAfterBackupRestoration (0ms)
========================================================================
Worker process is ready to serve import requests
Begin MonoManager ReloadAssembly
- Loaded All Assemblies, in  0.929 seconds
Refreshing native plugins compatible for Editor in 4.40 ms, found 3 plugins.
Native extension for WindowsStandalone target not found
Package Manager log level set to [2]
[Package Manager] Server::EnsureServerProcessIsRunning -- launch failed, reason: Unity was launched with the -noUpm command-line argument
[Package Manager] UpmClient::Send -- Unable to send message (not connected to UPM process).
[Package Manager] Cannot connect to Unity Package Manager local server
Mono: successfully reloaded assembly
- Finished resetting the current domain, in  1.071 seconds
Domain Reload Profiling: 2000ms
	BeginReloadAssembly (215ms)
		ExecutionOrderSort (0ms)
		DisableScriptedObjects (9ms)
		BackupInstance (0ms)
		ReleaseScriptingObjects (0ms)
		CreateAndSetChildDomain (26ms)
	RebuildCommonClasses (53ms)
	RebuildNativeTypeToScriptingClass (16ms)
	initialDomainReloadingComplete (52ms)
	LoadAllAssembliesAndSetupDomain (593ms)
		LoadAssemblies (406ms)
		RebuildTransferFunctionScriptingTraits (0ms)
		AnalyzeDomain (312ms)
			TypeCache.Refresh (272ms)
				TypeCache.ScanAssembly (249ms)
			ScanForSourceGeneratedMonoScriptInfo (29ms)
			ResolveRequiredComponents (9ms)
	FinalizeReload (1071ms)
		ReleaseScriptCaches (0ms)
		RebuildScriptCaches (0ms)
		SetupLoadedEditorAssemblies (835ms)
			LogAssemblyErrors (0ms)
			InitializePlatformSupportModulesInManaged (7ms)
			SetLoadedEditorAssemblies (6ms)
			RefreshPlugins (0ms)
			BeforeProcessingInitializeOnLoad (101ms)
			ProcessInitializeOnLoadAttributes (684ms)
			ProcessInitializeOnLoadMethodAttributes (30ms)
			AfterProcessingInitializeOnLoad (7ms)
			EditorAssembliesLoaded (0ms)
		ExecutionOrderSort2 (0ms)
		AwakeInstancesAfterBackupRestoration (14ms)
Launched and connected shader compiler UnityShaderCompiler.exe after 0.05 seconds
Refreshing native plugins compatible for Editor in 3.90 ms, found 3 plugins.
Preloading 0 native plugins for Editor in 0.00 ms.
Unloading 4002 Unused Serialized files (Serialized files now loaded: 0)
Unloading 57 unused Assets / (194.0 KB). Loaded Objects now: 4463.
Memory consumption went from 150.0 MB to 149.8 MB.
Total: 6.723600 ms (FindLiveObjects: 0.624300 ms CreateObjectMapping: 0.217100 ms MarkObjects: 5.571000 ms  DeleteObjects: 0.308900 ms)

AssetImportParameters requested are different than current active one (requested -> active):
  custom:container-demuxer-ogg: 62fdf1f143b41e24485cea50d1cbac27 -> 
  custom:video-decoder-ogg-theora: a1e56fd34408186e4bbccfd4996cb3dc -> 
  custom:framework-win-MediaFoundation: 216162199b28c13a410421893ffa2e32 -> 
  custom:CustomObjectIndexerAttribute: 756ad292c208cfabdd7b50bc23989ffe -> 
  custom:container-demuxer-webm: 4f35f7cbe854078d1ac9338744f61a02 -> 
  custom:container-muxer-webm: aa71ff27fc2769a1b78a27578f13a17b -> 
  custom:video-decoder-webm-vp8: 9c59270c3fd7afecdb556c50c9e8de78 -> 
  custom:SearchIndexIgnoredProperties: e643bd26f0fe6173181afceb89e7c659 -> 
  custom:AudioImporter_EditorPlatform: d09bf68614088b80899f8185d706f6e7 -> 
  custom:video-encoder-webm-vp8: eb34c28f22e8b96e1ab97ce403110664 -> 
  custom:audio-decoder-ogg-vorbis: bf7c407c2cedff20999df2af8eb42d56 -> 
  custom:audio-encoder-webm-vorbis: bf7c407c2cedff20999df2af8eb42d56 -> 
========================================================================
Received Import Request.
  Time since last request: 528430.464248 seconds.
  path: Assets/Scenes/SampleScene.unity
  artifactKey: Guid(9fc0d4010bbf28b4594072e72b8655ab) Importer(2089858483,0ecaa5967403d082aa24f35e1b516d23)
Start importing Assets/Scenes/SampleScene.unity using Guid(9fc0d4010bbf28b4594072e72b8655ab) Importer(2089858483,0ecaa5967403d082aa24f35e1b516d23)  -> (artifact id: '74e09f823485c127c70e3217a56f5686') in 0.145247 seconds
Number of updated asset objects reloaded before import = 0
Number of asset objects unloaded after import = 1
========================================================================
Received Import Request.
  Time since last request: 0.000041 seconds.
  path: Assets/Scripts/PlayerController.cs
  artifactKey: Guid(628e026e29005954fbd9920d47ec4110) Importer(2089858483,0ecaa5967403d082aa24f35e1b516d23)
Start importing Assets/Scripts/PlayerController.cs using Guid(628e026e29005954fbd9920d47ec4110) Importer(2089858483,0ecaa5967403d082aa24f35e1b516d23)  -> (artifact id: '18e3e6ccc0dc6cd43bdfe01a38d4a83b') in 0.060873 seconds
Number of updated asset objects reloaded before import = 0
Number of asset objects unloaded after import = 1
========================================================================
Received Import Request.
  Time since last request: 0.000018 seconds.
  path: Assets/Models/WarriorControllerAnimator.controller
  artifactKey: Guid(74357ca3a66f15c458ebac7cbfea56a8) Importer(2089858483,0ecaa5967403d082aa24f35e1b516d23)
Start importing Assets/Models/WarriorControllerAnimator.controller using Guid(74357ca3a66f15c458ebac7cbfea56a8) Importer(2089858483,0ecaa5967403d082aa24f35e1b516d23)  -> (artifact id: '80281574237e9d058ef81394e50fef3a') in 0.023849 seconds
Number of updated asset objects reloaded before import = 0
Number of asset objects unloaded after import = 14
========================================================================
Received Import Request.
  Time since last request: 20.522507 seconds.
  path: Assets/New Controls.inputactions
  artifactKey: Guid(edadfc6384f91dd428173bfb265930ff) Importer(2089858483,0ecaa5967403d082aa24f35e1b516d23)
Start importing Assets/New Controls.inputactions using Guid(edadfc6384f91dd428173bfb265930ff) Importer(2089858483,0ecaa5967403d082aa24f35e1b516d23)  -> (artifact id: 'c45eac9194ac489865e715798811b84a') in 0.027012 seconds
Number of updated asset objects reloaded before import = 0
Number of asset objects unloaded after import = 1
========================================================================
Received Import Request.
  Time since last request: 4.864896 seconds.
  path: Assets/New Controls.inputactions
  artifactKey: Guid(edadfc6384f91dd428173bfb265930ff) Importer(815301076,1909f56bfc062723c751e8b465ee728b)
Start importing Assets/New Controls.inputactions using Guid(edadfc6384f91dd428173bfb265930ff) Importer(815301076,1909f56bfc062723c751e8b465ee728b)  -> (artifact id: '1dafb46821a208529eed10f922cb5ea6') in 0.012383 seconds
Number of updated asset objects reloaded before import = 0
Number of asset objects unloaded after import = 1
========================================================================
Received Import Request.
  Time since last request: 3.093657 seconds.
  path: Assets/PlayerMovement.inputactions
  artifactKey: Guid(edadfc6384f91dd428173bfb265930ff) Importer(815301076,1909f56bfc062723c751e8b465ee728b)
Start importing Assets/PlayerMovement.inputactions using Guid(edadfc6384f91dd428173bfb265930ff) Importer(815301076,1909f56bfc062723c751e8b465ee728b)  -> (artifact id: 'c380e1e0bfa878f2b4a71682f4ad3352') in 0.001679 seconds
Number of updated asset objects reloaded before import = 0
Number of asset objects unloaded after import = 1
========================================================================
Received Import Request.
  Time since last request: 0.928799 seconds.
  path: Assets/PlayerMovement.inputactions
  artifactKey: Guid(edadfc6384f91dd428173bfb265930ff) Importer(2089858483,0ecaa5967403d082aa24f35e1b516d23)
Start importing Assets/PlayerMovement.inputactions using Guid(edadfc6384f91dd428173bfb265930ff) Importer(2089858483,0ecaa5967403d082aa24f35e1b516d23)  -> (artifact id: '355247228e61d0e0215d5f7b2e08210e') in 0.026681 seconds
Number of updated asset objects reloaded before import = 0
Number of asset objects unloaded after import = 1
========================================================================
Received Import Request.
  Time since last request: 388.345780 seconds.
  path: Assets/PlayerMovement.inputactions
  artifactKey: Guid(edadfc6384f91dd428173bfb265930ff) Importer(815301076,1909f56bfc062723c751e8b465ee728b)
Start importing Assets/PlayerMovement.inputactions using Guid(edadfc6384f91dd428173bfb265930ff) Importer(815301076,1909f56bfc062723c751e8b465ee728b)  -> (artifact id: '21243316091ef4ce7f65bd0ac53ec103') in 0.002931 seconds
Number of updated asset objects reloaded before import = 0
Number of asset objects unloaded after import = 2
========================================================================
Received Import Request.
  Time since last request: 0.746324 seconds.
  path: Assets/PlayerMovement.inputactions
  artifactKey: Guid(edadfc6384f91dd428173bfb265930ff) Importer(2089858483,0ecaa5967403d082aa24f35e1b516d23)
Start importing Assets/PlayerMovement.inputactions using Guid(edadfc6384f91dd428173bfb265930ff) Importer(2089858483,0ecaa5967403d082aa24f35e1b516d23)  -> (artifact id: 'c7724ca3504169ff0599b0f8d34af81e') in 0.016462 seconds
Number of updated asset objects reloaded before import = 0
Number of asset objects unloaded after import = 3
========================================================================
Received Import Request.
  Time since last request: 7.021508 seconds.
  path: Assets/PlayerMovement.inputactions
  artifactKey: Guid(edadfc6384f91dd428173bfb265930ff) Importer(815301076,1909f56bfc062723c751e8b465ee728b)
Start importing Assets/PlayerMovement.inputactions using Guid(edadfc6384f91dd428173bfb265930ff) Importer(815301076,1909f56bfc062723c751e8b465ee728b)  -> (artifact id: 'e56fec4df0bdc33423fdad0630d7f5a1') in 0.001427 seconds
Number of updated asset objects reloaded before import = 0
Number of asset objects unloaded after import = 2
========================================================================
Received Import Request.
  Time since last request: 0.922257 seconds.
  path: Assets/PlayerMovement.inputactions
  artifactKey: Guid(edadfc6384f91dd428173bfb265930ff) Importer(2089858483,0ecaa5967403d082aa24f35e1b516d23)
Start importing Assets/PlayerMovement.inputactions using Guid(edadfc6384f91dd428173bfb265930ff) Importer(2089858483,0ecaa5967403d082aa24f35e1b516d23)  -> (artifact id: '78bd0ed4287fa805c099c1d7eab811ac') in 0.015191 seconds
Number of updated asset objects reloaded before import = 0
Number of asset objects unloaded after import = 3
========================================================================
Received Import Request.
  Time since last request: 53.523519 seconds.
  path: Assets/PlayerMovement.inputactions
  artifactKey: Guid(edadfc6384f91dd428173bfb265930ff) Importer(815301076,1909f56bfc062723c751e8b465ee728b)
Start importing Assets/PlayerMovement.inputactions using Guid(edadfc6384f91dd428173bfb265930ff) Importer(815301076,1909f56bfc062723c751e8b465ee728b)  -> (artifact id: '7dab02a25f3fba9cd7032ce7590f874a') in 0.001877 seconds
Number of updated asset objects reloaded before import = 0
Number of asset objects unloaded after import = 2
========================================================================
Received Import Request.
  Time since last request: 0.348537 seconds.
  path: Assets/PlayerMovement.inputactions
  artifactKey: Guid(edadfc6384f91dd428173bfb265930ff) Importer(2089858483,0ecaa5967403d082aa24f35e1b516d23)
Start importing Assets/PlayerMovement.inputactions using Guid(edadfc6384f91dd428173bfb265930ff) Importer(2089858483,0ecaa5967403d082aa24f35e1b516d23)  -> (artifact id: 'ad38315918a64cfcc87c80c354441d61') in 0.030977 seconds
Number of updated asset objects reloaded before import = 0
Number of asset objects unloaded after import = 3
========================================================================
Received Import Request.
  Time since last request: 14.422370 seconds.
  path: Assets/PlayerMovement.inputactions
  artifactKey: Guid(edadfc6384f91dd428173bfb265930ff) Importer(815301076,1909f56bfc062723c751e8b465ee728b)
Start importing Assets/PlayerMovement.inputactions using Guid(edadfc6384f91dd428173bfb265930ff) Importer(815301076,1909f56bfc062723c751e8b465ee728b)  -> (artifact id: '78793435db236617db971752a1ee2e86') in 0.001683 seconds
Number of updated asset objects reloaded before import = 0
Number of asset objects unloaded after import = 2
========================================================================
Received Import Request.
  Time since last request: 0.944259 seconds.
  path: Assets/PlayerMovement.inputactions
  artifactKey: Guid(edadfc6384f91dd428173bfb265930ff) Importer(2089858483,0ecaa5967403d082aa24f35e1b516d23)
Start importing Assets/PlayerMovement.inputactions using Guid(edadfc6384f91dd428173bfb265930ff) Importer(2089858483,0ecaa5967403d082aa24f35e1b516d23)  -> (artifact id: 'db038ffeb3b2f07a7414dfbcb13a2159') in 0.029247 seconds
Number of updated asset objects reloaded before import = 0
Number of asset objects unloaded after import = 3
========================================================================
Received Import Request.
  Time since last request: 16.324254 seconds.
  path: Assets/PlayerMovement.inputactions
  artifactKey: Guid(edadfc6384f91dd428173bfb265930ff) Importer(815301076,1909f56bfc062723c751e8b465ee728b)
Start importing Assets/PlayerMovement.inputactions using Guid(edadfc6384f91dd428173bfb265930ff) Importer(815301076,1909f56bfc062723c751e8b465ee728b)  -> (artifact id: 'fb944c124127655c44520f662d9e1c08') in 0.001324 seconds
Number of updated asset objects reloaded before import = 0
Number of asset objects unloaded after import = 2
========================================================================
Received Import Request.
  Time since last request: 9.404765 seconds.
  path: Assets/PlayerMovement.inputactions
  artifactKey: Guid(edadfc6384f91dd428173bfb265930ff) Importer(815301076,1909f56bfc062723c751e8b465ee728b)
Start importing Assets/PlayerMovement.inputactions using Guid(edadfc6384f91dd428173bfb265930ff) Importer(815301076,1909f56bfc062723c751e8b465ee728b)  -> (artifact id: '9267dd030c99300c9af946a5b39f32fd') in 0.001436 seconds
Number of updated asset objects reloaded before import = 0
Number of asset objects unloaded after import = 2
========================================================================
Received Import Request.
  Time since last request: 0.944177 seconds.
  path: Assets/PlayerMovement.inputactions
  artifactKey: Guid(edadfc6384f91dd428173bfb265930ff) Importer(2089858483,0ecaa5967403d082aa24f35e1b516d23)
Start importing Assets/PlayerMovement.inputactions using Guid(edadfc6384f91dd428173bfb265930ff) Importer(2089858483,0ecaa5967403d082aa24f35e1b516d23)  -> (artifact id: '8f517eab698014427d5b924d6c4377ac') in 0.013713 seconds
Number of updated asset objects reloaded before import = 0
Number of asset objects unloaded after import = 3
========================================================================
Received Import Request.
  Time since last request: 7.487999 seconds.
  path: Assets/PlayerMovement.inputactions
  artifactKey: Guid(edadfc6384f91dd428173bfb265930ff) Importer(815301076,1909f56bfc062723c751e8b465ee728b)
Start importing Assets/PlayerMovement.inputactions using Guid(edadfc6384f91dd428173bfb265930ff) Importer(815301076,1909f56bfc062723c751e8b465ee728b)  -> (artifact id: '8edbca7e2babadfab8d5cbc60ae8fd38') in 0.001709 seconds
Number of updated asset objects reloaded before import = 0
Number of asset objects unloaded after import = 2
========================================================================
Received Import Request.
  Time since last request: 0.932226 seconds.
  path: Assets/PlayerMovement.inputactions
  artifactKey: Guid(edadfc6384f91dd428173bfb265930ff) Importer(2089858483,0ecaa5967403d082aa24f35e1b516d23)
Start importing Assets/PlayerMovement.inputactions using Guid(edadfc6384f91dd428173bfb265930ff) Importer(2089858483,0ecaa5967403d082aa24f35e1b516d23)  -> (artifact id: '7a9eeb63533dc6db929f7eeb09b5c0b6') in 0.022139 seconds
Number of updated asset objects reloaded before import = 0
Number of asset objects unloaded after import = 3
========================================================================
Received Import Request.
  Time since last request: 16.211851 seconds.
  path: Assets/PlayerMovement.inputactions
  artifactKey: Guid(edadfc6384f91dd428173bfb265930ff) Importer(815301076,1909f56bfc062723c751e8b465ee728b)
Start importing Assets/PlayerMovement.inputactions using Guid(edadfc6384f91dd428173bfb265930ff) Importer(815301076,1909f56bfc062723c751e8b465ee728b)  -> (artifact id: '64ca001bb142efc813f29408e3682995') in 0.001423 seconds
Number of updated asset objects reloaded before import = 0
Number of asset objects unloaded after import = 2
========================================================================
Received Import Request.
  Time since last request: 0.934484 seconds.
  path: Assets/PlayerMovement.inputactions
  artifactKey: Guid(edadfc6384f91dd428173bfb265930ff) Importer(2089858483,0ecaa5967403d082aa24f35e1b516d23)
Start importing Assets/PlayerMovement.inputactions using Guid(edadfc6384f91dd428173bfb265930ff) Importer(2089858483,0ecaa5967403d082aa24f35e1b516d23)  -> (artifact id: 'f5f94ad9a66b89471899b62aec26ac6d') in 0.017302 seconds
Number of updated asset objects reloaded before import = 0
Number of asset objects unloaded after import = 3
========================================================================
Received Import Request.
  Time since last request: 12.961607 seconds.
  path: Assets/PlayerMovement.inputactions
  artifactKey: Guid(edadfc6384f91dd428173bfb265930ff) Importer(815301076,1909f56bfc062723c751e8b465ee728b)
Start importing Assets/PlayerMovement.inputactions using Guid(edadfc6384f91dd428173bfb265930ff) Importer(815301076,1909f56bfc062723c751e8b465ee728b)  -> (artifact id: 'c602c8af20b5eaf31b2a7cc687ebf375') in 0.001247 seconds
Number of updated asset objects reloaded before import = 0
Number of asset objects unloaded after import = 2
========================================================================
Received Import Request.
  Time since last request: 0.933113 seconds.
  path: Assets/PlayerMovement.inputactions
  artifactKey: Guid(edadfc6384f91dd428173bfb265930ff) Importer(2089858483,0ecaa5967403d082aa24f35e1b516d23)
Start importing Assets/PlayerMovement.inputactions using Guid(edadfc6384f91dd428173bfb265930ff) Importer(2089858483,0ecaa5967403d082aa24f35e1b516d23)  -> (artifact id: 'f30cb2b75bddc1832b2972ea427a25ff') in 0.016869 seconds
Number of updated asset objects reloaded before import = 0
Number of asset objects unloaded after import = 3
========================================================================
Received Import Request.
  Time since last request: 3.581816 seconds.
  path: Assets/PlayerMovement.inputactions
  artifactKey: Guid(edadfc6384f91dd428173bfb265930ff) Importer(815301076,1909f56bfc062723c751e8b465ee728b)
Start importing Assets/PlayerMovement.inputactions using Guid(edadfc6384f91dd428173bfb265930ff) Importer(815301076,1909f56bfc062723c751e8b465ee728b)  -> (artifact id: '737c543d2de3925c77aaef259fc2b6ac') in 0.001501 seconds
Number of updated asset objects reloaded before import = 0
Number of asset objects unloaded after import = 2
========================================================================
Received Import Request.
  Time since last request: 0.950520 seconds.
  path: Assets/PlayerMovement.inputactions
  artifactKey: Guid(edadfc6384f91dd428173bfb265930ff) Importer(2089858483,0ecaa5967403d082aa24f35e1b516d23)
Start importing Assets/PlayerMovement.inputactions using Guid(edadfc6384f91dd428173bfb265930ff) Importer(2089858483,0ecaa5967403d082aa24f35e1b516d23)  -> (artifact id: '50fe4afd932de711acfcd206d7b7827a') in 0.015415 seconds
Number of updated asset objects reloaded before import = 0
Number of asset objects unloaded after import = 3
========================================================================
Received Import Request.
  Time since last request: 6.556561 seconds.
  path: Assets/PlayerMovement.inputactions
  artifactKey: Guid(edadfc6384f91dd428173bfb265930ff) Importer(815301076,1909f56bfc062723c751e8b465ee728b)
Start importing Assets/PlayerMovement.inputactions using Guid(edadfc6384f91dd428173bfb265930ff) Importer(815301076,1909f56bfc062723c751e8b465ee728b)  -> (artifact id: 'ccfeefb7e78a8b647ac79d79a2d02698') in 0.001453 seconds
Number of updated asset objects reloaded before import = 0
Number of asset objects unloaded after import = 2
========================================================================
Received Import Request.
  Time since last request: 0.948623 seconds.
  path: Assets/PlayerMovement.inputactions
  artifactKey: Guid(edadfc6384f91dd428173bfb265930ff) Importer(2089858483,0ecaa5967403d082aa24f35e1b516d23)
Start importing Assets/PlayerMovement.inputactions using Guid(edadfc6384f91dd428173bfb265930ff) Importer(2089858483,0ecaa5967403d082aa24f35e1b516d23)  -> (artifact id: '8e18684b9a88e6e0f18e16dcbcb3843b') in 0.015122 seconds
Number of updated asset objects reloaded before import = 0
Number of asset objects unloaded after import = 3
========================================================================
Received Import Request.
  Time since last request: 44.297884 seconds.
  path: Assets/PlayerMovement.inputactions
  artifactKey: Guid(edadfc6384f91dd428173bfb265930ff) Importer(815301076,1909f56bfc062723c751e8b465ee728b)
Start importing Assets/PlayerMovement.inputactions using Guid(edadfc6384f91dd428173bfb265930ff) Importer(815301076,1909f56bfc062723c751e8b465ee728b)  -> (artifact id: '28608c37a7b65057e56b1ee636622fd3') in 0.001863 seconds
Number of updated asset objects reloaded before import = 0
Number of asset objects unloaded after import = 2
========================================================================
Received Import Request.
  Time since last request: 0.936318 seconds.
  path: Assets/PlayerMovement.inputactions
  artifactKey: Guid(edadfc6384f91dd428173bfb265930ff) Importer(2089858483,0ecaa5967403d082aa24f35e1b516d23)
Start importing Assets/PlayerMovement.inputactions using Guid(edadfc6384f91dd428173bfb265930ff) Importer(2089858483,0ecaa5967403d082aa24f35e1b516d23)  -> (artifact id: '7b581e6a9359f62b3beb4ca62dd6ca31') in 0.029103 seconds
Number of updated asset objects reloaded before import = 0
Number of asset objects unloaded after import = 3
========================================================================
Received Import Request.
  Time since last request: 12.011225 seconds.
  path: Assets/PlayerMovement.inputactions
  artifactKey: Guid(edadfc6384f91dd428173bfb265930ff) Importer(815301076,1909f56bfc062723c751e8b465ee728b)
Start importing Assets/PlayerMovement.inputactions using Guid(edadfc6384f91dd428173bfb265930ff) Importer(815301076,1909f56bfc062723c751e8b465ee728b)  -> (artifact id: '2952efb920247fb9fd99730455be959d') in 0.001495 seconds
Number of updated asset objects reloaded before import = 0
Number of asset objects unloaded after import = 2
========================================================================
Received Import Request.
  Time since last request: 0.925502 seconds.
  path: Assets/PlayerMovement.inputactions
  artifactKey: Guid(edadfc6384f91dd428173bfb265930ff) Importer(2089858483,0ecaa5967403d082aa24f35e1b516d23)
Start importing Assets/PlayerMovement.inputactions using Guid(edadfc6384f91dd428173bfb265930ff) Importer(2089858483,0ecaa5967403d082aa24f35e1b516d23)  -> (artifact id: '0a9365e43ed1d7baa049a7b2f60f77df') in 0.015215 seconds
Number of updated asset objects reloaded before import = 0
Number of asset objects unloaded after import = 3
========================================================================
Received Import Request.
  Time since last request: 9.421922 seconds.
  path: Assets/PlayerMovement.inputactions
  artifactKey: Guid(edadfc6384f91dd428173bfb265930ff) Importer(815301076,1909f56bfc062723c751e8b465ee728b)
Start importing Assets/PlayerMovement.inputactions using Guid(edadfc6384f91dd428173bfb265930ff) Importer(815301076,1909f56bfc062723c751e8b465ee728b)  -> (artifact id: '853925a0f2f6a4b898241b7b44bd9188') in 0.002038 seconds
Number of updated asset objects reloaded before import = 0
Number of asset objects unloaded after import = 3
========================================================================
Received Import Request.
  Time since last request: 0.930236 seconds.
  path: Assets/PlayerMovement.inputactions
  artifactKey: Guid(edadfc6384f91dd428173bfb265930ff) Importer(2089858483,0ecaa5967403d082aa24f35e1b516d23)
Start importing Assets/PlayerMovement.inputactions using Guid(edadfc6384f91dd428173bfb265930ff) Importer(2089858483,0ecaa5967403d082aa24f35e1b516d23)  -> (artifact id: '16d24abb386b49b5c425f2e841701eea') in 0.016035 seconds
Number of updated asset objects reloaded before import = 0
Number of asset objects unloaded after import = 4
========================================================================
Received Import Request.
  Time since last request: 3.347830 seconds.
  path: Assets/PlayerMovement.inputactions
  artifactKey: Guid(edadfc6384f91dd428173bfb265930ff) Importer(815301076,1909f56bfc062723c751e8b465ee728b)
Start importing Assets/PlayerMovement.inputactions using Guid(edadfc6384f91dd428173bfb265930ff) Importer(815301076,1909f56bfc062723c751e8b465ee728b)  -> (artifact id: '0194bc0e0b88a4bb4dd95ed440467229') in 0.003191 seconds
Number of updated asset objects reloaded before import = 0
Number of asset objects unloaded after import = 3
========================================================================
Received Import Request.
  Time since last request: 0.926926 seconds.
  path: Assets/PlayerMovement.inputactions
  artifactKey: Guid(edadfc6384f91dd428173bfb265930ff) Importer(2089858483,0ecaa5967403d082aa24f35e1b516d23)
Start importing Assets/PlayerMovement.inputactions using Guid(edadfc6384f91dd428173bfb265930ff) Importer(2089858483,0ecaa5967403d082aa24f35e1b516d23)  -> (artifact id: '989a44469cf161173dd93153184bdd1a') in 0.022031 seconds
Number of updated asset objects reloaded before import = 0
Number of asset objects unloaded after import = 4
========================================================================
Received Import Request.
  Time since last request: 9.147265 seconds.
  path: Assets/PlayerMovement.inputactions
  artifactKey: Guid(edadfc6384f91dd428173bfb265930ff) Importer(815301076,1909f56bfc062723c751e8b465ee728b)
Start importing Assets/PlayerMovement.inputactions using Guid(edadfc6384f91dd428173bfb265930ff) Importer(815301076,1909f56bfc062723c751e8b465ee728b)  -> (artifact id: 'c5bfb85a7c4f913e245b988cb276469d') in 0.002129 seconds
Number of updated asset objects reloaded before import = 0
Number of asset objects unloaded after import = 3
========================================================================
Received Import Request.
  Time since last request: 0.933191 seconds.
  path: Assets/PlayerMovement.inputactions
  artifactKey: Guid(edadfc6384f91dd428173bfb265930ff) Importer(2089858483,0ecaa5967403d082aa24f35e1b516d23)
Start importing Assets/PlayerMovement.inputactions using Guid(edadfc6384f91dd428173bfb265930ff) Importer(2089858483,0ecaa5967403d082aa24f35e1b516d23)  -> (artifact id: 'cc78ebefc8d8898b83a1bf7d226380a3') in 0.033746 seconds
Number of updated asset objects reloaded before import = 0
Number of asset objects unloaded after import = 4
========================================================================
Received Import Request.
  Time since last request: 8.911888 seconds.
  path: Assets/PlayerMovement.inputactions
  artifactKey: Guid(edadfc6384f91dd428173bfb265930ff) Importer(815301076,1909f56bfc062723c751e8b465ee728b)
Start importing Assets/PlayerMovement.inputactions using Guid(edadfc6384f91dd428173bfb265930ff) Importer(815301076,1909f56bfc062723c751e8b465ee728b)  -> (artifact id: '70d7339a4dadbeb82b1c20ee6cd05b70') in 0.002526 seconds
Number of updated asset objects reloaded before import = 0
Number of asset objects unloaded after import = 3
========================================================================
Received Import Request.
  Time since last request: 0.916475 seconds.
  path: Assets/PlayerMovement.inputactions
  artifactKey: Guid(edadfc6384f91dd428173bfb265930ff) Importer(2089858483,0ecaa5967403d082aa24f35e1b516d23)
Start importing Assets/PlayerMovement.inputactions using Guid(edadfc6384f91dd428173bfb265930ff) Importer(2089858483,0ecaa5967403d082aa24f35e1b516d23)  -> (artifact id: 'a6908822d696c0fce229579a85900c05') in 0.014951 seconds
Number of updated asset objects reloaded before import = 0
Number of asset objects unloaded after import = 4
========================================================================
Received Import Request.
  Time since last request: 4.467975 seconds.
  path: Assets/PlayerMovement.inputactions
  artifactKey: Guid(edadfc6384f91dd428173bfb265930ff) Importer(815301076,1909f56bfc062723c751e8b465ee728b)
Start importing Assets/PlayerMovement.inputactions using Guid(edadfc6384f91dd428173bfb265930ff) Importer(815301076,1909f56bfc062723c751e8b465ee728b)  -> (artifact id: 'f085c7ebcac6291b62ee04e1da770d9a') in 0.001686 seconds
Number of updated asset objects reloaded before import = 0
Number of asset objects unloaded after import = 3
========================================================================
Received Import Request.
  Time since last request: 0.946498 seconds.
  path: Assets/PlayerMovement.inputactions
  artifactKey: Guid(edadfc6384f91dd428173bfb265930ff) Importer(2089858483,0ecaa5967403d082aa24f35e1b516d23)
Start importing Assets/PlayerMovement.inputactions using Guid(edadfc6384f91dd428173bfb265930ff) Importer(2089858483,0ecaa5967403d082aa24f35e1b516d23)  -> (artifact id: 'f574899a3f5bb862f10ecb8ee1d299c7') in 0.014995 seconds
Number of updated asset objects reloaded before import = 0
Number of asset objects unloaded after import = 4
========================================================================
Received Import Request.
  Time since last request: 2.474470 seconds.
  path: Assets/PlayerMovement.inputactions
  artifactKey: Guid(edadfc6384f91dd428173bfb265930ff) Importer(815301076,1909f56bfc062723c751e8b465ee728b)
Start importing Assets/PlayerMovement.inputactions using Guid(edadfc6384f91dd428173bfb265930ff) Importer(815301076,1909f56bfc062723c751e8b465ee728b)  -> (artifact id: '041c70da7917fbc3d8da3c2434d15cef') in 0.001313 seconds
Number of updated asset objects reloaded before import = 0
Number of asset objects unloaded after import = 1
========================================================================
Received Import Request.
  Time since last request: 0.952245 seconds.
  path: Assets/PlayerMovement.inputactions
  artifactKey: Guid(edadfc6384f91dd428173bfb265930ff) Importer(2089858483,0ecaa5967403d082aa24f35e1b516d23)
Start importing Assets/PlayerMovement.inputactions using Guid(edadfc6384f91dd428173bfb265930ff) Importer(2089858483,0ecaa5967403d082aa24f35e1b516d23)  -> (artifact id: '26bfac4a9c20906997ad03fcd7f87df5') in 0.022100 seconds
Number of updated asset objects reloaded before import = 0
Number of asset objects unloaded after import = 1
========================================================================
Received Import Request.
  Time since last request: 10.211478 seconds.
  path: Assets/PlayerMovement.inputactions
  artifactKey: Guid(edadfc6384f91dd428173bfb265930ff) Importer(815301076,1909f56bfc062723c751e8b465ee728b)
Start importing Assets/PlayerMovement.inputactions using Guid(edadfc6384f91dd428173bfb265930ff) Importer(815301076,1909f56bfc062723c751e8b465ee728b)  -> (artifact id: '8f9ccbb6ab9c886cb565c7f717cc5e18') in 0.001467 seconds
Number of updated asset objects reloaded before import = 0
Number of asset objects unloaded after import = 3
========================================================================
Received Import Request.
  Time since last request: 0.943064 seconds.
  path: Assets/PlayerMovement.inputactions
  artifactKey: Guid(edadfc6384f91dd428173bfb265930ff) Importer(2089858483,0ecaa5967403d082aa24f35e1b516d23)
Start importing Assets/PlayerMovement.inputactions using Guid(edadfc6384f91dd428173bfb265930ff) Importer(2089858483,0ecaa5967403d082aa24f35e1b516d23)  -> (artifact id: 'd7cd1e2b3da56fa14797a9a4285da3a5') in 0.016370 seconds
Number of updated asset objects reloaded before import = 0
Number of asset objects unloaded after import = 4
========================================================================
Received Import Request.
  Time since last request: 12.444990 seconds.
  path: Assets/PlayerMovement.inputactions
  artifactKey: Guid(edadfc6384f91dd428173bfb265930ff) Importer(815301076,1909f56bfc062723c751e8b465ee728b)
Start importing Assets/PlayerMovement.inputactions using Guid(edadfc6384f91dd428173bfb265930ff) Importer(815301076,1909f56bfc062723c751e8b465ee728b)  -> (artifact id: '94e32132125656e6909c6dad02d2c261') in 0.001724 seconds
Number of updated asset objects reloaded before import = 0
Number of asset objects unloaded after import = 3
========================================================================
Received Import Request.
  Time since last request: 0.954360 seconds.
  path: Assets/PlayerMovement.inputactions
  artifactKey: Guid(edadfc6384f91dd428173bfb265930ff) Importer(2089858483,0ecaa5967403d082aa24f35e1b516d23)
Start importing Assets/PlayerMovement.inputactions using Guid(edadfc6384f91dd428173bfb265930ff) Importer(2089858483,0ecaa5967403d082aa24f35e1b516d23)  -> (artifact id: '25ac650f30e1369a6cc78c41441473dd') in 0.028735 seconds
Number of updated asset objects reloaded before import = 0
Number of asset objects unloaded after import = 4
========================================================================
Received Import Request.
  Time since last request: 7.161905 seconds.
  path: Assets/PlayerMovement.inputactions
  artifactKey: Guid(edadfc6384f91dd428173bfb265930ff) Importer(815301076,1909f56bfc062723c751e8b465ee728b)
Start importing Assets/PlayerMovement.inputactions using Guid(edadfc6384f91dd428173bfb265930ff) Importer(815301076,1909f56bfc062723c751e8b465ee728b)  -> (artifact id: 'f39f23631900f63e48a0d4cfc9dfeddc') in 0.001793 seconds
Number of updated asset objects reloaded before import = 0
Number of asset objects unloaded after import = 3
========================================================================
Received Import Request.
  Time since last request: 0.954704 seconds.
  path: Assets/PlayerMovement.inputactions
  artifactKey: Guid(edadfc6384f91dd428173bfb265930ff) Importer(2089858483,0ecaa5967403d082aa24f35e1b516d23)
Start importing Assets/PlayerMovement.inputactions using Guid(edadfc6384f91dd428173bfb265930ff) Importer(2089858483,0ecaa5967403d082aa24f35e1b516d23)  -> (artifact id: 'e4b8d6e6c99ce8732f9f9ae145fba5e2') in 0.017687 seconds
Number of updated asset objects reloaded before import = 0
Number of asset objects unloaded after import = 4
========================================================================
Received Import Request.
  Time since last request: 5.565913 seconds.
  path: Assets/PlayerMovement.inputactions
  artifactKey: Guid(edadfc6384f91dd428173bfb265930ff) Importer(815301076,1909f56bfc062723c751e8b465ee728b)
Start importing Assets/PlayerMovement.inputactions using Guid(edadfc6384f91dd428173bfb265930ff) Importer(815301076,1909f56bfc062723c751e8b465ee728b)  -> (artifact id: '54746372067b6f3a1f50b457d167ab09') in 0.002346 seconds
Number of updated asset objects reloaded before import = 0
Number of asset objects unloaded after import = 3
========================================================================
Received Import Request.
  Time since last request: 0.942587 seconds.
  path: Assets/PlayerMovement.inputactions
  artifactKey: Guid(edadfc6384f91dd428173bfb265930ff) Importer(2089858483,0ecaa5967403d082aa24f35e1b516d23)
Start importing Assets/PlayerMovement.inputactions using Guid(edadfc6384f91dd428173bfb265930ff) Importer(2089858483,0ecaa5967403d082aa24f35e1b516d23)  -> (artifact id: 'c8e0ebe464db9af41e135d80378dfcac') in 0.029797 seconds
Number of updated asset objects reloaded before import = 0
Number of asset objects unloaded after import = 4
========================================================================
Received Import Request.
  Time since last request: 6.299776 seconds.
  path: Assets/PlayerMovement.inputactions
  artifactKey: Guid(edadfc6384f91dd428173bfb265930ff) Importer(815301076,1909f56bfc062723c751e8b465ee728b)
Start importing Assets/PlayerMovement.inputactions using Guid(edadfc6384f91dd428173bfb265930ff) Importer(815301076,1909f56bfc062723c751e8b465ee728b)  -> (artifact id: '0205201a009716103dce50acaab50ce7') in 0.001689 seconds
Number of updated asset objects reloaded before import = 0
Number of asset objects unloaded after import = 3
========================================================================
Received Import Request.
  Time since last request: 0.932866 seconds.
  path: Assets/PlayerMovement.inputactions
  artifactKey: Guid(edadfc6384f91dd428173bfb265930ff) Importer(2089858483,0ecaa5967403d082aa24f35e1b516d23)
Start importing Assets/PlayerMovement.inputactions using Guid(edadfc6384f91dd428173bfb265930ff) Importer(2089858483,0ecaa5967403d082aa24f35e1b516d23)  -> (artifact id: '29a24365f4fdb06600eb185ad0110c51') in 0.016981 seconds
Number of updated asset objects reloaded before import = 0
Number of asset objects unloaded after import = 4
========================================================================
Received Import Request.
  Time since last request: 1.974741 seconds.
  path: Assets/PlayerMovement.inputactions
  artifactKey: Guid(edadfc6384f91dd428173bfb265930ff) Importer(815301076,1909f56bfc062723c751e8b465ee728b)
Start importing Assets/PlayerMovement.inputactions using Guid(edadfc6384f91dd428173bfb265930ff) Importer(815301076,1909f56bfc062723c751e8b465ee728b)  -> (artifact id: '491856de0e944b5d01f2549dd91cd4c3') in 0.001676 seconds
Number of updated asset objects reloaded before import = 0
Number of asset objects unloaded after import = 3
========================================================================
Received Import Request.
  Time since last request: 0.939638 seconds.
  path: Assets/PlayerMovement.inputactions
  artifactKey: Guid(edadfc6384f91dd428173bfb265930ff) Importer(2089858483,0ecaa5967403d082aa24f35e1b516d23)
Start importing Assets/PlayerMovement.inputactions using Guid(edadfc6384f91dd428173bfb265930ff) Importer(2089858483,0ecaa5967403d082aa24f35e1b516d23)  -> (artifact id: 'fe23cc16ba92074d2b7aed80863a654e') in 0.019606 seconds
Number of updated asset objects reloaded before import = 0
Number of asset objects unloaded after import = 4
========================================================================
Received Import Request.
  Time since last request: 1.047698 seconds.
  path: Assets/PlayerMovement.inputactions
  artifactKey: Guid(edadfc6384f91dd428173bfb265930ff) Importer(815301076,1909f56bfc062723c751e8b465ee728b)
Start importing Assets/PlayerMovement.inputactions using Guid(edadfc6384f91dd428173bfb265930ff) Importer(815301076,1909f56bfc062723c751e8b465ee728b)  -> (artifact id: '2b40142eaf91e9766be3a0368d6d7fdf') in 0.002750 seconds
Number of updated asset objects reloaded before import = 0
Number of asset objects unloaded after import = 3
========================================================================
Received Import Request.
  Time since last request: 4.078690 seconds.
  path: Assets/PlayerMovement.inputactions
  artifactKey: Guid(edadfc6384f91dd428173bfb265930ff) Importer(815301076,1909f56bfc062723c751e8b465ee728b)
Start importing Assets/PlayerMovement.inputactions using Guid(edadfc6384f91dd428173bfb265930ff) Importer(815301076,1909f56bfc062723c751e8b465ee728b)  -> (artifact id: '65c7cae0d15e47e54115690c2deaa280') in 0.001782 seconds
Number of updated asset objects reloaded before import = 0
Number of asset objects unloaded after import = 3
========================================================================
Received Import Request.
  Time since last request: 2.272255 seconds.
  path: Assets/PlayerMovement.inputactions
  artifactKey: Guid(edadfc6384f91dd428173bfb265930ff) Importer(815301076,1909f56bfc062723c751e8b465ee728b)
Start importing Assets/PlayerMovement.inputactions using Guid(edadfc6384f91dd428173bfb265930ff) Importer(815301076,1909f56bfc062723c751e8b465ee728b)  -> (artifact id: '8dea8322e042e08801b584d1d710c0bc') in 0.001648 seconds
Number of updated asset objects reloaded before import = 0
Number of asset objects unloaded after import = 3
========================================================================
Received Import Request.
  Time since last request: 2.694885 seconds.
  path: Assets/PlayerMovement.inputactions
  artifactKey: Guid(edadfc6384f91dd428173bfb265930ff) Importer(815301076,1909f56bfc062723c751e8b465ee728b)
Start importing Assets/PlayerMovement.inputactions using Guid(edadfc6384f91dd428173bfb265930ff) Importer(815301076,1909f56bfc062723c751e8b465ee728b)  -> (artifact id: '7e630aa9751ba330c5c8b8a37e990dea') in 0.002234 seconds
Number of updated asset objects reloaded before import = 0
Number of asset objects unloaded after import = 3
========================================================================
Received Import Request.
  Time since last request: 0.266664 seconds.
  path: Assets/PlayerMovement.inputactions
  artifactKey: Guid(edadfc6384f91dd428173bfb265930ff) Importer(2089858483,0ecaa5967403d082aa24f35e1b516d23)
Start importing Assets/PlayerMovement.inputactions using Guid(edadfc6384f91dd428173bfb265930ff) Importer(2089858483,0ecaa5967403d082aa24f35e1b516d23)  -> (artifact id: '0cd98b6a0693fe6eb7c4fe225fffe625') in 0.021298 seconds
Number of updated asset objects reloaded before import = 0
Number of asset objects unloaded after import = 4
========================================================================
Received Import Request.
  Time since last request: 0.608391 seconds.
  path: Assets/PlayerMovement.inputactions
  artifactKey: Guid(edadfc6384f91dd428173bfb265930ff) Importer(815301076,1909f56bfc062723c751e8b465ee728b)
Start importing Assets/PlayerMovement.inputactions using Guid(edadfc6384f91dd428173bfb265930ff) Importer(815301076,1909f56bfc062723c751e8b465ee728b)  -> (artifact id: 'b9551ff823011e75ec2ecf501c4ae7fd') in 0.001731 seconds
Number of updated asset objects reloaded before import = 0
Number of asset objects unloaded after import = 3
========================================================================
Received Import Request.
  Time since last request: 0.041909 seconds.
  path: Assets/PlayerMovement.inputactions
  artifactKey: Guid(edadfc6384f91dd428173bfb265930ff) Importer(2089858483,0ecaa5967403d082aa24f35e1b516d23)
Start importing Assets/PlayerMovement.inputactions using Guid(edadfc6384f91dd428173bfb265930ff) Importer(2089858483,0ecaa5967403d082aa24f35e1b516d23)  -> (artifact id: 'fcada84e63679fc04908ff62d242ed19') in 0.015685 seconds
Number of updated asset objects reloaded before import = 0
Number of asset objects unloaded after import = 4
========================================================================
Received Import Request.
  Time since last request: 3.721103 seconds.
  path: Assets/PlayerMovement.inputactions
  artifactKey: Guid(edadfc6384f91dd428173bfb265930ff) Importer(815301076,1909f56bfc062723c751e8b465ee728b)
Start importing Assets/PlayerMovement.inputactions using Guid(edadfc6384f91dd428173bfb265930ff) Importer(815301076,1909f56bfc062723c751e8b465ee728b)  -> (artifact id: '3ae428b0d67ef13db346cb75c9ec2f07') in 0.001825 seconds
Number of updated asset objects reloaded before import = 0
Number of asset objects unloaded after import = 3
========================================================================
Received Import Request.
  Time since last request: 0.949782 seconds.
  path: Assets/PlayerMovement.inputactions
  artifactKey: Guid(edadfc6384f91dd428173bfb265930ff) Importer(2089858483,0ecaa5967403d082aa24f35e1b516d23)
Start importing Assets/PlayerMovement.inputactions using Guid(edadfc6384f91dd428173bfb265930ff) Importer(2089858483,0ecaa5967403d082aa24f35e1b516d23)  -> (artifact id: 'a2ff7dbc2adad7353a235006a76785b2') in 0.015141 seconds
Number of updated asset objects reloaded before import = 0
Number of asset objects unloaded after import = 4
========================================================================
Received Import Request.
  Time since last request: 5.766222 seconds.
  path: Assets/PlayerMovement.inputactions
  artifactKey: Guid(edadfc6384f91dd428173bfb265930ff) Importer(815301076,1909f56bfc062723c751e8b465ee728b)
Start importing Assets/PlayerMovement.inputactions using Guid(edadfc6384f91dd428173bfb265930ff) Importer(815301076,1909f56bfc062723c751e8b465ee728b)  -> (artifact id: '1b4320925831ad09c0f63df983a28673') in 0.001726 seconds
Number of updated asset objects reloaded before import = 0
Number of asset objects unloaded after import = 3
========================================================================
Received Import Request.
  Time since last request: 0.953860 seconds.
  path: Assets/PlayerMovement.inputactions
  artifactKey: Guid(edadfc6384f91dd428173bfb265930ff) Importer(2089858483,0ecaa5967403d082aa24f35e1b516d23)
Start importing Assets/PlayerMovement.inputactions using Guid(edadfc6384f91dd428173bfb265930ff) Importer(2089858483,0ecaa5967403d082aa24f35e1b516d23)  -> (artifact id: '8129f56e1add0cd014c3e0ac91ef97b7') in 0.019343 seconds
Number of updated asset objects reloaded before import = 0
Number of asset objects unloaded after import = 4
========================================================================
Received Import Request.
  Time since last request: 10.170732 seconds.
  path: Assets/PlayerMovement.inputactions
  artifactKey: Guid(edadfc6384f91dd428173bfb265930ff) Importer(815301076,1909f56bfc062723c751e8b465ee728b)
Start importing Assets/PlayerMovement.inputactions using Guid(edadfc6384f91dd428173bfb265930ff) Importer(815301076,1909f56bfc062723c751e8b465ee728b)  -> (artifact id: '175cdcf9c330a9ed2ea9997007cc1950') in 0.001497 seconds
Number of updated asset objects reloaded before import = 0
Number of asset objects unloaded after import = 3
========================================================================
Received Import Request.
  Time since last request: 0.950135 seconds.
  path: Assets/PlayerMovement.inputactions
  artifactKey: Guid(edadfc6384f91dd428173bfb265930ff) Importer(2089858483,0ecaa5967403d082aa24f35e1b516d23)
Start importing Assets/PlayerMovement.inputactions using Guid(edadfc6384f91dd428173bfb265930ff) Importer(2089858483,0ecaa5967403d082aa24f35e1b516d23)  -> (artifact id: 'b23db8130e306778011d709ec3d955df') in 0.019200 seconds
Number of updated asset objects reloaded before import = 0
Number of asset objects unloaded after import = 4
========================================================================
Received Import Request.
  Time since last request: 7.592431 seconds.
  path: Assets/PlayerMovement.inputactions
  artifactKey: Guid(edadfc6384f91dd428173bfb265930ff) Importer(815301076,1909f56bfc062723c751e8b465ee728b)
Start importing Assets/PlayerMovement.inputactions using Guid(edadfc6384f91dd428173bfb265930ff) Importer(815301076,1909f56bfc062723c751e8b465ee728b)  -> (artifact id: '4a683f6d67dc1db23cddd0768ac9915a') in 0.001941 seconds
Number of updated asset objects reloaded before import = 0
Number of asset objects unloaded after import = 3
========================================================================
Received Import Request.
  Time since last request: 1.298112 seconds.
  path: Assets/PlayerMovement.inputactions
  artifactKey: Guid(edadfc6384f91dd428173bfb265930ff) Importer(815301076,1909f56bfc062723c751e8b465ee728b)
Start importing Assets/PlayerMovement.inputactions using Guid(edadfc6384f91dd428173bfb265930ff) Importer(815301076,1909f56bfc062723c751e8b465ee728b)  -> (artifact id: 'e30379432a3cb475e12cd9af693567b7') in 0.001723 seconds
Number of updated asset objects reloaded before import = 0
Number of asset objects unloaded after import = 3
========================================================================
Received Import Request.
  Time since last request: 1.261180 seconds.
  path: Assets/PlayerMovement.inputactions
  artifactKey: Guid(edadfc6384f91dd428173bfb265930ff) Importer(815301076,1909f56bfc062723c751e8b465ee728b)
Start importing Assets/PlayerMovement.inputactions using Guid(edadfc6384f91dd428173bfb265930ff) Importer(815301076,1909f56bfc062723c751e8b465ee728b)  -> (artifact id: '3b196cae173ece2f5b42cc1cd8a1d3a1') in 0.001961 seconds
Number of updated asset objects reloaded before import = 0
Number of asset objects unloaded after import = 3
========================================================================
Received Import Request.
  Time since last request: 0.947997 seconds.
  path: Assets/PlayerMovement.inputactions
  artifactKey: Guid(edadfc6384f91dd428173bfb265930ff) Importer(2089858483,0ecaa5967403d082aa24f35e1b516d23)
Start importing Assets/PlayerMovement.inputactions using Guid(edadfc6384f91dd428173bfb265930ff) Importer(2089858483,0ecaa5967403d082aa24f35e1b516d23)  -> (artifact id: 'ef92d14f897dbdd6421152fc8b983bde') in 0.016958 seconds
Number of updated asset objects reloaded before import = 0
Number of asset objects unloaded after import = 4
========================================================================
Received Import Request.
  Time since last request: 6.222389 seconds.
  path: Assets/PlayerMovement.inputactions
  artifactKey: Guid(edadfc6384f91dd428173bfb265930ff) Importer(815301076,1909f56bfc062723c751e8b465ee728b)
Start importing Assets/PlayerMovement.inputactions using Guid(edadfc6384f91dd428173bfb265930ff) Importer(815301076,1909f56bfc062723c751e8b465ee728b)  -> (artifact id: '7c4360cf1ef94bcda96e6de3ded272de') in 0.002034 seconds
Number of updated asset objects reloaded before import = 0
Number of asset objects unloaded after import = 3
========================================================================
Received Import Request.
  Time since last request: 0.937945 seconds.
  path: Assets/PlayerMovement.inputactions
  artifactKey: Guid(edadfc6384f91dd428173bfb265930ff) Importer(2089858483,0ecaa5967403d082aa24f35e1b516d23)
Start importing Assets/PlayerMovement.inputactions using Guid(edadfc6384f91dd428173bfb265930ff) Importer(2089858483,0ecaa5967403d082aa24f35e1b516d23)  -> (artifact id: 'a0a5dd338d9924b20335f1160d2ebfdd') in 0.031236 seconds
Number of updated asset objects reloaded before import = 0
Number of asset objects unloaded after import = 4
========================================================================
Received Import Request.
  Time since last request: 7.804286 seconds.
  path: Assets/PlayerMovement.inputactions
  artifactKey: Guid(edadfc6384f91dd428173bfb265930ff) Importer(815301076,1909f56bfc062723c751e8b465ee728b)
Start importing Assets/PlayerMovement.inputactions using Guid(edadfc6384f91dd428173bfb265930ff) Importer(815301076,1909f56bfc062723c751e8b465ee728b)  -> (artifact id: '68eced94b87333360cc8ab1623e09b9f') in 0.001700 seconds
Number of updated asset objects reloaded before import = 0
Number of asset objects unloaded after import = 3
========================================================================
Received Import Request.
  Time since last request: 0.946154 seconds.
  path: Assets/PlayerMovement.inputactions
  artifactKey: Guid(edadfc6384f91dd428173bfb265930ff) Importer(2089858483,0ecaa5967403d082aa24f35e1b516d23)
Start importing Assets/PlayerMovement.inputactions using Guid(edadfc6384f91dd428173bfb265930ff) Importer(2089858483,0ecaa5967403d082aa24f35e1b516d23)  -> (artifact id: '2ead2bd8db45c1a24c43de16b8a56ba2') in 0.031278 seconds
Number of updated asset objects reloaded before import = 0
Number of asset objects unloaded after import = 4
========================================================================
Received Import Request.
  Time since last request: 3.968986 seconds.
  path: Assets/PlayerMovement.inputactions
  artifactKey: Guid(edadfc6384f91dd428173bfb265930ff) Importer(815301076,1909f56bfc062723c751e8b465ee728b)
Start importing Assets/PlayerMovement.inputactions using Guid(edadfc6384f91dd428173bfb265930ff) Importer(815301076,1909f56bfc062723c751e8b465ee728b)  -> (artifact id: 'b22c08601f2023eb7b0f71f86d2eb759') in 0.001791 seconds
Number of updated asset objects reloaded before import = 0
Number of asset objects unloaded after import = 3
========================================================================
Received Import Request.
  Time since last request: 0.928610 seconds.
  path: Assets/PlayerMovement.inputactions
  artifactKey: Guid(edadfc6384f91dd428173bfb265930ff) Importer(2089858483,0ecaa5967403d082aa24f35e1b516d23)
Start importing Assets/PlayerMovement.inputactions using Guid(edadfc6384f91dd428173bfb265930ff) Importer(2089858483,0ecaa5967403d082aa24f35e1b516d23)  -> (artifact id: 'bdb16e47b32c1b3a8a8412ca99757072') in 0.021247 seconds
Number of updated asset objects reloaded before import = 0
Number of asset objects unloaded after import = 4
========================================================================
Received Import Request.
  Time since last request: 16.763612 seconds.
  path: Assets/PlayerMovement.inputactions
  artifactKey: Guid(edadfc6384f91dd428173bfb265930ff) Importer(815301076,1909f56bfc062723c751e8b465ee728b)
Start importing Assets/PlayerMovement.inputactions using Guid(edadfc6384f91dd428173bfb265930ff) Importer(815301076,1909f56bfc062723c751e8b465ee728b)  -> (artifact id: '06839ad6a0662e0cf13c2007f64559cb') in 0.002032 seconds
Number of updated asset objects reloaded before import = 0
Number of asset objects unloaded after import = 3
========================================================================
Received Import Request.
  Time since last request: 0.923910 seconds.
  path: Assets/PlayerMovement.inputactions
  artifactKey: Guid(edadfc6384f91dd428173bfb265930ff) Importer(2089858483,0ecaa5967403d082aa24f35e1b516d23)
Start importing Assets/PlayerMovement.inputactions using Guid(edadfc6384f91dd428173bfb265930ff) Importer(2089858483,0ecaa5967403d082aa24f35e1b516d23)  -> (artifact id: '93994fcf5a9f0de6527aa53e3f1ff76d') in 0.033673 seconds
Number of updated asset objects reloaded before import = 0
Number of asset objects unloaded after import = 4
========================================================================
Received Import Request.
  Time since last request: 3.610999 seconds.
  path: Assets/PlayerMovement.inputactions
  artifactKey: Guid(edadfc6384f91dd428173bfb265930ff) Importer(815301076,1909f56bfc062723c751e8b465ee728b)
Start importing Assets/PlayerMovement.inputactions using Guid(edadfc6384f91dd428173bfb265930ff) Importer(815301076,1909f56bfc062723c751e8b465ee728b)  -> (artifact id: 'd342fb612a983ac06cf6bec6205ea728') in 0.001879 seconds
Number of updated asset objects reloaded before import = 0
Number of asset objects unloaded after import = 4
========================================================================
Received Import Request.
  Time since last request: 0.884596 seconds.
  path: Assets/PlayerMovement.inputactions
  artifactKey: Guid(edadfc6384f91dd428173bfb265930ff) Importer(2089858483,0ecaa5967403d082aa24f35e1b516d23)
Start importing Assets/PlayerMovement.inputactions using Guid(edadfc6384f91dd428173bfb265930ff) Importer(2089858483,0ecaa5967403d082aa24f35e1b516d23)  -> (artifact id: '6800140cdeb33a147f335faa0661a4f1') in 0.036871 seconds
Number of updated asset objects reloaded before import = 0
Number of asset objects unloaded after import = 5
========================================================================
Received Import Request.
  Time since last request: 4.052021 seconds.
  path: Assets/PlayerMovement.inputactions
  artifactKey: Guid(edadfc6384f91dd428173bfb265930ff) Importer(815301076,1909f56bfc062723c751e8b465ee728b)
Start importing Assets/PlayerMovement.inputactions using Guid(edadfc6384f91dd428173bfb265930ff) Importer(815301076,1909f56bfc062723c751e8b465ee728b)  -> (artifact id: '5e953faaa843f1b2859329e4427b5263') in 0.002030 seconds
Number of updated asset objects reloaded before import = 0
Number of asset objects unloaded after import = 4
========================================================================
Received Import Request.
  Time since last request: 0.941439 seconds.
  path: Assets/PlayerMovement.inputactions
  artifactKey: Guid(edadfc6384f91dd428173bfb265930ff) Importer(2089858483,0ecaa5967403d082aa24f35e1b516d23)
Start importing Assets/PlayerMovement.inputactions using Guid(edadfc6384f91dd428173bfb265930ff) Importer(2089858483,0ecaa5967403d082aa24f35e1b516d23)  -> (artifact id: '9341c8c221b35f0faff3e069094625ad') in 0.028962 seconds
Number of updated asset objects reloaded before import = 0
Number of asset objects unloaded after import = 5
========================================================================
Received Import Request.
  Time since last request: 15.757671 seconds.
  path: Assets/PlayerMovement.inputactions
  artifactKey: Guid(edadfc6384f91dd428173bfb265930ff) Importer(815301076,1909f56bfc062723c751e8b465ee728b)
Start importing Assets/PlayerMovement.inputactions using Guid(edadfc6384f91dd428173bfb265930ff) Importer(815301076,1909f56bfc062723c751e8b465ee728b)  -> (artifact id: '26fac8c8e25dc6cc814cd4c3053a5d5a') in 0.002008 seconds
Number of updated asset objects reloaded before import = 0
Number of asset objects unloaded after import = 4
========================================================================
Received Import Request.
  Time since last request: 0.942863 seconds.
  path: Assets/PlayerMovement.inputactions
  artifactKey: Guid(edadfc6384f91dd428173bfb265930ff) Importer(2089858483,0ecaa5967403d082aa24f35e1b516d23)
Start importing Assets/PlayerMovement.inputactions using Guid(edadfc6384f91dd428173bfb265930ff) Importer(2089858483,0ecaa5967403d082aa24f35e1b516d23)  -> (artifact id: 'bef5b8cae557729a6c89bb06152a8713') in 0.029887 seconds
Number of updated asset objects reloaded before import = 0
Number of asset objects unloaded after import = 5
========================================================================
Received Import Request.
  Time since last request: 13.632184 seconds.
  path: Assets/PlayerMovement.inputactions
  artifactKey: Guid(edadfc6384f91dd428173bfb265930ff) Importer(815301076,1909f56bfc062723c751e8b465ee728b)
Start importing Assets/PlayerMovement.inputactions using Guid(edadfc6384f91dd428173bfb265930ff) Importer(815301076,1909f56bfc062723c751e8b465ee728b)  -> (artifact id: 'f743cc2ac1342efcaa25af3a884022b8') in 0.002142 seconds
Number of updated asset objects reloaded before import = 0
Number of asset objects unloaded after import = 4
========================================================================
Received Import Request.
  Time since last request: 0.919772 seconds.
  path: Assets/PlayerMovement.inputactions
  artifactKey: Guid(edadfc6384f91dd428173bfb265930ff) Importer(2089858483,0ecaa5967403d082aa24f35e1b516d23)
Start importing Assets/PlayerMovement.inputactions using Guid(edadfc6384f91dd428173bfb265930ff) Importer(2089858483,0ecaa5967403d082aa24f35e1b516d23)  -> (artifact id: 'ea57d176e21098c92e4f299f8f510aca') in 0.017384 seconds
Number of updated asset objects reloaded before import = 0
Number of asset objects unloaded after import = 5
========================================================================
Received Import Request.
  Time since last request: 18.150735 seconds.
  path: Assets/PlayerMovement.inputactions
  artifactKey: Guid(edadfc6384f91dd428173bfb265930ff) Importer(815301076,1909f56bfc062723c751e8b465ee728b)
Start importing Assets/PlayerMovement.inputactions using Guid(edadfc6384f91dd428173bfb265930ff) Importer(815301076,1909f56bfc062723c751e8b465ee728b)  -> (artifact id: '50a4f13bbf3c9b5e2c35eb742e783407') in 0.004092 seconds
Number of updated asset objects reloaded before import = 0
Number of asset objects unloaded after import = 4
========================================================================
Received Import Request.
  Time since last request: 0.933886 seconds.
  path: Assets/PlayerMovement.inputactions
  artifactKey: Guid(edadfc6384f91dd428173bfb265930ff) Importer(2089858483,0ecaa5967403d082aa24f35e1b516d23)
Start importing Assets/PlayerMovement.inputactions using Guid(edadfc6384f91dd428173bfb265930ff) Importer(2089858483,0ecaa5967403d082aa24f35e1b516d23)  -> (artifact id: 'bb26fd08e084b2753a1fd3c12f00e368') in 0.018605 seconds
Number of updated asset objects reloaded before import = 0
Number of asset objects unloaded after import = 5
========================================================================
Received Import Request.
  Time since last request: 6.031245 seconds.
  path: Assets/PlayerMovement.inputactions
  artifactKey: Guid(edadfc6384f91dd428173bfb265930ff) Importer(815301076,1909f56bfc062723c751e8b465ee728b)
Start importing Assets/PlayerMovement.inputactions using Guid(edadfc6384f91dd428173bfb265930ff) Importer(815301076,1909f56bfc062723c751e8b465ee728b)  -> (artifact id: 'ab562798920db25bd8236f9957491f8b') in 0.002719 seconds
Number of updated asset objects reloaded before import = 0
Number of asset objects unloaded after import = 4
========================================================================
Received Import Request.
  Time since last request: 0.926330 seconds.
  path: Assets/PlayerMovement.inputactions
  artifactKey: Guid(edadfc6384f91dd428173bfb265930ff) Importer(2089858483,0ecaa5967403d082aa24f35e1b516d23)
Start importing Assets/PlayerMovement.inputactions using Guid(edadfc6384f91dd428173bfb265930ff) Importer(2089858483,0ecaa5967403d082aa24f35e1b516d23)  -> (artifact id: 'c76179f2edbe4ac9ac5a7e28be2d22a7') in 0.017725 seconds
Number of updated asset objects reloaded before import = 0
Number of asset objects unloaded after import = 5
========================================================================
Received Import Request.
  Time since last request: 3.007678 seconds.
  path: Assets/PlayerMovement.inputactions
  artifactKey: Guid(edadfc6384f91dd428173bfb265930ff) Importer(815301076,1909f56bfc062723c751e8b465ee728b)
Start importing Assets/PlayerMovement.inputactions using Guid(edadfc6384f91dd428173bfb265930ff) Importer(815301076,1909f56bfc062723c751e8b465ee728b)  -> (artifact id: '2754a5d9cb95e6d2a51c247e18724240') in 0.002081 seconds
Number of updated asset objects reloaded before import = 0
Number of asset objects unloaded after import = 4
========================================================================
Received Import Request.
  Time since last request: 7.424851 seconds.
  path: Assets/PlayerMovement.inputactions
  artifactKey: Guid(edadfc6384f91dd428173bfb265930ff) Importer(2089858483,0ecaa5967403d082aa24f35e1b516d23)
Start importing Assets/PlayerMovement.inputactions using Guid(edadfc6384f91dd428173bfb265930ff) Importer(2089858483,0ecaa5967403d082aa24f35e1b516d23)  -> (artifact id: '4b598c9c91b3fa2fb423bab2654c921b') in 0.016542 seconds
Number of updated asset objects reloaded before import = 0
Number of asset objects unloaded after import = 5
========================================================================
Received Import Request.
  Time since last request: 13.535646 seconds.
  path: Assets/PlayerMovement.inputactions
  artifactKey: Guid(edadfc6384f91dd428173bfb265930ff) Importer(815301076,1909f56bfc062723c751e8b465ee728b)
Start importing Assets/PlayerMovement.inputactions using Guid(edadfc6384f91dd428173bfb265930ff) Importer(815301076,1909f56bfc062723c751e8b465ee728b)  -> (artifact id: '8b95bcf036e7ac7e001dd4d82bbe6e8b') in 0.002050 seconds
Number of updated asset objects reloaded before import = 0
Number of asset objects unloaded after import = 4
========================================================================
Received Import Request.
  Time since last request: 0.938421 seconds.
  path: Assets/PlayerMovement.inputactions
  artifactKey: Guid(edadfc6384f91dd428173bfb265930ff) Importer(2089858483,0ecaa5967403d082aa24f35e1b516d23)
Start importing Assets/PlayerMovement.inputactions using Guid(edadfc6384f91dd428173bfb265930ff) Importer(2089858483,0ecaa5967403d082aa24f35e1b516d23)  -> (artifact id: '7c75e860447bcd51d32e0c1f634d99bc') in 0.028705 seconds
Number of updated asset objects reloaded before import = 0
Number of asset objects unloaded after import = 5
========================================================================
Received Import Request.
  Time since last request: 23.399074 seconds.
  path: Assets/PlayerMovement.inputactions
  artifactKey: Guid(edadfc6384f91dd428173bfb265930ff) Importer(815301076,1909f56bfc062723c751e8b465ee728b)
Start importing Assets/PlayerMovement.inputactions using Guid(edadfc6384f91dd428173bfb265930ff) Importer(815301076,1909f56bfc062723c751e8b465ee728b)  -> (artifact id: '11f83ea01317b8f3606bb2bbdd795384') in 0.002555 seconds
Number of updated asset objects reloaded before import = 0
Number of asset objects unloaded after import = 4
========================================================================
Received Import Request.
  Time since last request: 0.912947 seconds.
  path: Assets/PlayerMovement.inputactions
  artifactKey: Guid(edadfc6384f91dd428173bfb265930ff) Importer(2089858483,0ecaa5967403d082aa24f35e1b516d23)
Start importing Assets/PlayerMovement.inputactions using Guid(edadfc6384f91dd428173bfb265930ff) Importer(2089858483,0ecaa5967403d082aa24f35e1b516d23)  -> (artifact id: 'b6ec19950c860edb6b7bfcc57e8afb71') in 0.024502 seconds
Number of updated asset objects reloaded before import = 0
Number of asset objects unloaded after import = 5
========================================================================
Received Import Request.
  Time since last request: 23.390249 seconds.
  path: Assets/PlayerMovement.inputactions
  artifactKey: Guid(edadfc6384f91dd428173bfb265930ff) Importer(815301076,1909f56bfc062723c751e8b465ee728b)
Start importing Assets/PlayerMovement.inputactions using Guid(edadfc6384f91dd428173bfb265930ff) Importer(815301076,1909f56bfc062723c751e8b465ee728b)  -> (artifact id: '1e83d67e5ce3f156b0410982d3c6f74f') in 0.002384 seconds
Number of updated asset objects reloaded before import = 0
Number of asset objects unloaded after import = 4
========================================================================
Received Import Request.
  Time since last request: 0.926266 seconds.
  path: Assets/PlayerMovement.inputactions
  artifactKey: Guid(edadfc6384f91dd428173bfb265930ff) Importer(2089858483,0ecaa5967403d082aa24f35e1b516d23)
Start importing Assets/PlayerMovement.inputactions using Guid(edadfc6384f91dd428173bfb265930ff) Importer(2089858483,0ecaa5967403d082aa24f35e1b516d23)  -> (artifact id: 'caf568480e025e6084646d5d1526783c') in 0.017018 seconds
Number of updated asset objects reloaded before import = 0
Number of asset objects unloaded after import = 5
========================================================================
Received Import Request.
  Time since last request: 47.835532 seconds.
  path: Assets/PlayerMovement.inputactions
  artifactKey: Guid(edadfc6384f91dd428173bfb265930ff) Importer(815301076,1909f56bfc062723c751e8b465ee728b)
Start importing Assets/PlayerMovement.inputactions using Guid(edadfc6384f91dd428173bfb265930ff) Importer(815301076,1909f56bfc062723c751e8b465ee728b)  -> (artifact id: 'dffce5a1bbb2d3707c3a557ea7d1aea9') in 0.002852 seconds
Number of updated asset objects reloaded before import = 0
Number of asset objects unloaded after import = 4
========================================================================
Received Import Request.
  Time since last request: 0.936329 seconds.
  path: Assets/PlayerMovement.inputactions
  artifactKey: Guid(edadfc6384f91dd428173bfb265930ff) Importer(2089858483,0ecaa5967403d082aa24f35e1b516d23)
Start importing Assets/PlayerMovement.inputactions using Guid(edadfc6384f91dd428173bfb265930ff) Importer(2089858483,0ecaa5967403d082aa24f35e1b516d23)  -> (artifact id: '2078b6786cd99c73838febd520278263') in 0.026190 seconds
Number of updated asset objects reloaded before import = 0
Number of asset objects unloaded after import = 5
========================================================================
Received Import Request.
  Time since last request: 73.764414 seconds.
  path: Assets/PlayerMovement.inputactions
  artifactKey: Guid(edadfc6384f91dd428173bfb265930ff) Importer(815301076,1909f56bfc062723c751e8b465ee728b)
Start importing Assets/PlayerMovement.inputactions using Guid(edadfc6384f91dd428173bfb265930ff) Importer(815301076,1909f56bfc062723c751e8b465ee728b)  -> (artifact id: '46d979ecd60a12cd8a1d967ed2a40695') in 0.002119 seconds
Number of updated asset objects reloaded before import = 0
Number of asset objects unloaded after import = 4
========================================================================
Received Import Request.
  Time since last request: 0.931322 seconds.
  path: Assets/PlayerMovement.inputactions
  artifactKey: Guid(edadfc6384f91dd428173bfb265930ff) Importer(2089858483,0ecaa5967403d082aa24f35e1b516d23)
Start importing Assets/PlayerMovement.inputactions using Guid(edadfc6384f91dd428173bfb265930ff) Importer(2089858483,0ecaa5967403d082aa24f35e1b516d23)  -> (artifact id: '30f60084978123ca891d58858c9fb701') in 0.033516 seconds
Number of updated asset objects reloaded before import = 0
Number of asset objects unloaded after import = 5
========================================================================
Received Import Request.
  Time since last request: 19.488086 seconds.
  path: Assets/PlayerMovement.inputactions
  artifactKey: Guid(edadfc6384f91dd428173bfb265930ff) Importer(815301076,1909f56bfc062723c751e8b465ee728b)
Start importing Assets/PlayerMovement.inputactions using Guid(edadfc6384f91dd428173bfb265930ff) Importer(815301076,1909f56bfc062723c751e8b465ee728b)  -> (artifact id: 'f5c4ccc17597d2e9d73c0a702fd6b46f') in 0.003250 seconds
Number of updated asset objects reloaded before import = 0
Number of asset objects unloaded after import = 5
========================================================================
Received Import Request.
  Time since last request: 0.932111 seconds.
  path: Assets/PlayerMovement.inputactions
  artifactKey: Guid(edadfc6384f91dd428173bfb265930ff) Importer(2089858483,0ecaa5967403d082aa24f35e1b516d23)
Start importing Assets/PlayerMovement.inputactions using Guid(edadfc6384f91dd428173bfb265930ff) Importer(2089858483,0ecaa5967403d082aa24f35e1b516d23)  -> (artifact id: '28fb944625bad3d01d9272e4e4aef795') in 0.031413 seconds
Number of updated asset objects reloaded before import = 0
Number of asset objects unloaded after import = 6
========================================================================
Received Import Request.
  Time since last request: 7.076335 seconds.
  path: Assets/PlayerMovement.inputactions
  artifactKey: Guid(edadfc6384f91dd428173bfb265930ff) Importer(815301076,1909f56bfc062723c751e8b465ee728b)
Start importing Assets/PlayerMovement.inputactions using Guid(edadfc6384f91dd428173bfb265930ff) Importer(815301076,1909f56bfc062723c751e8b465ee728b)  -> (artifact id: '86ff35101e0d9045fb8ae301f5f008a9') in 0.002335 seconds
Number of updated asset objects reloaded before import = 0
Number of asset objects unloaded after import = 5
========================================================================
Received Import Request.
  Time since last request: 0.926487 seconds.
  path: Assets/PlayerMovement.inputactions
  artifactKey: Guid(edadfc6384f91dd428173bfb265930ff) Importer(2089858483,0ecaa5967403d082aa24f35e1b516d23)
Start importing Assets/PlayerMovement.inputactions using Guid(edadfc6384f91dd428173bfb265930ff) Importer(2089858483,0ecaa5967403d082aa24f35e1b516d23)  -> (artifact id: '58bc91070337ca24e6ff5aa592c22ac3') in 0.019998 seconds
Number of updated asset objects reloaded before import = 0
Number of asset objects unloaded after import = 6
========================================================================
Received Import Request.
  Time since last request: 6.392493 seconds.
  path: Assets/PlayerMovement.inputactions
  artifactKey: Guid(edadfc6384f91dd428173bfb265930ff) Importer(815301076,1909f56bfc062723c751e8b465ee728b)
Start importing Assets/PlayerMovement.inputactions using Guid(edadfc6384f91dd428173bfb265930ff) Importer(815301076,1909f56bfc062723c751e8b465ee728b)  -> (artifact id: '77c8f2215303d58a3c180a1e9c1bd5f9') in 0.008533 seconds
Number of updated asset objects reloaded before import = 0
Number of asset objects unloaded after import = 5
========================================================================
Received Import Request.
  Time since last request: 0.913234 seconds.
  path: Assets/PlayerMovement.inputactions
  artifactKey: Guid(edadfc6384f91dd428173bfb265930ff) Importer(2089858483,0ecaa5967403d082aa24f35e1b516d23)
Start importing Assets/PlayerMovement.inputactions using Guid(edadfc6384f91dd428173bfb265930ff) Importer(2089858483,0ecaa5967403d082aa24f35e1b516d23)  -> (artifact id: 'a0d62307f8f7617015d95e9be1cab1ab') in 0.038801 seconds
Number of updated asset objects reloaded before import = 0
Number of asset objects unloaded after import = 6
========================================================================
Received Import Request.
  Time since last request: 16.390124 seconds.
  path: Assets/PlayerMovement.inputactions
  artifactKey: Guid(edadfc6384f91dd428173bfb265930ff) Importer(815301076,1909f56bfc062723c751e8b465ee728b)
Start importing Assets/PlayerMovement.inputactions using Guid(edadfc6384f91dd428173bfb265930ff) Importer(815301076,1909f56bfc062723c751e8b465ee728b)  -> (artifact id: 'a0f01734be9f4e59c8beb12bf8e844c4') in 0.002289 seconds
Number of updated asset objects reloaded before import = 0
Number of asset objects unloaded after import = 5
========================================================================
Received Import Request.
  Time since last request: 0.934564 seconds.
  path: Assets/PlayerMovement.inputactions
  artifactKey: Guid(edadfc6384f91dd428173bfb265930ff) Importer(2089858483,0ecaa5967403d082aa24f35e1b516d23)
Start importing Assets/PlayerMovement.inputactions using Guid(edadfc6384f91dd428173bfb265930ff) Importer(2089858483,0ecaa5967403d082aa24f35e1b516d23)  -> (artifact id: '84e38bac1b3191d9af3f5582d6c1e0a9') in 0.030508 seconds
Number of updated asset objects reloaded before import = 0
Number of asset objects unloaded after import = 6
========================================================================
Received Import Request.
  Time since last request: 30.233461 seconds.
  path: Assets/PlayerMovement.inputactions
  artifactKey: Guid(edadfc6384f91dd428173bfb265930ff) Importer(815301076,1909f56bfc062723c751e8b465ee728b)
Start importing Assets/PlayerMovement.inputactions using Guid(edadfc6384f91dd428173bfb265930ff) Importer(815301076,1909f56bfc062723c751e8b465ee728b)  -> (artifact id: '69d46c482ea3eb4335df3ad30cc91085') in 0.004068 seconds
Number of updated asset objects reloaded before import = 0
Number of asset objects unloaded after import = 5
========================================================================
Received Import Request.
  Time since last request: 0.934845 seconds.
  path: Assets/PlayerMovement.inputactions
  artifactKey: Guid(edadfc6384f91dd428173bfb265930ff) Importer(2089858483,0ecaa5967403d082aa24f35e1b516d23)
Start importing Assets/PlayerMovement.inputactions using Guid(edadfc6384f91dd428173bfb265930ff) Importer(2089858483,0ecaa5967403d082aa24f35e1b516d23)  -> (artifact id: '82db38038872993aace48c0c300c11d7') in 0.019577 seconds
Number of updated asset objects reloaded before import = 0
Number of asset objects unloaded after import = 6
========================================================================
Received Import Request.
  Time since last request: 149.713579 seconds.
  path: Assets/PlayerMovement.inputactions
  artifactKey: Guid(edadfc6384f91dd428173bfb265930ff) Importer(815301076,1909f56bfc062723c751e8b465ee728b)
Start importing Assets/PlayerMovement.inputactions using Guid(edadfc6384f91dd428173bfb265930ff) Importer(815301076,1909f56bfc062723c751e8b465ee728b)  -> (artifact id: 'ed18d7a2d2e455e3621b6fc36958d4fe') in 0.002462 seconds
Number of updated asset objects reloaded before import = 0
Number of asset objects unloaded after import = 5
========================================================================
Received Import Request.
  Time since last request: 0.952233 seconds.
  path: Assets/PlayerMovement.inputactions
  artifactKey: Guid(edadfc6384f91dd428173bfb265930ff) Importer(2089858483,0ecaa5967403d082aa24f35e1b516d23)
Start importing Assets/PlayerMovement.inputactions using Guid(edadfc6384f91dd428173bfb265930ff) Importer(2089858483,0ecaa5967403d082aa24f35e1b516d23)  -> (artifact id: 'f44325ece7856e0a42a0241e3b20a131') in 0.032138 seconds
Number of updated asset objects reloaded before import = 0
Number of asset objects unloaded after import = 6
========================================================================
Received Import Request.
  Time since last request: 35.023301 seconds.
  path: Assets/PlayerMovement.inputactions
  artifactKey: Guid(edadfc6384f91dd428173bfb265930ff) Importer(815301076,1909f56bfc062723c751e8b465ee728b)
Start importing Assets/PlayerMovement.inputactions using Guid(edadfc6384f91dd428173bfb265930ff) Importer(815301076,1909f56bfc062723c751e8b465ee728b)  -> (artifact id: '7ee7187929dbd9846bf853ae803d67bd') in 0.002759 seconds
Number of updated asset objects reloaded before import = 0
Number of asset objects unloaded after import = 5
========================================================================
Received Import Request.
  Time since last request: 0.941017 seconds.
  path: Assets/PlayerMovement.inputactions
  artifactKey: Guid(edadfc6384f91dd428173bfb265930ff) Importer(2089858483,0ecaa5967403d082aa24f35e1b516d23)
Start importing Assets/PlayerMovement.inputactions using Guid(edadfc6384f91dd428173bfb265930ff) Importer(2089858483,0ecaa5967403d082aa24f35e1b516d23)  -> (artifact id: '583c7f12683e059911666d47598eec36') in 0.020297 seconds
Number of updated asset objects reloaded before import = 0
Number of asset objects unloaded after import = 6
========================================================================
Received Prepare
Begin MonoManager ReloadAssembly
- Loaded All Assemblies, in  0.610 seconds
Refreshing native plugins compatible for Editor in 3.07 ms, found 3 plugins.
Native extension for WindowsStandalone target not found
[Package Manager] Server::EnsureServerProcessIsRunning -- launch failed, reason: Unity was launched with the -noUpm command-line argument
[Package Manager] UpmClient::Send -- Unable to send message (not connected to UPM process).
[Package Manager] Cannot connect to Unity Package Manager local server
Mono: successfully reloaded assembly
- Finished resetting the current domain, in  1.518 seconds
Domain Reload Profiling: 2127ms
	BeginReloadAssembly (217ms)
		ExecutionOrderSort (0ms)
		DisableScriptedObjects (7ms)
		BackupInstance (0ms)
		ReleaseScriptingObjects (0ms)
		CreateAndSetChildDomain (46ms)
	RebuildCommonClasses (52ms)
	RebuildNativeTypeToScriptingClass (21ms)
	initialDomainReloadingComplete (38ms)
	LoadAllAssembliesAndSetupDomain (281ms)
		LoadAssemblies (386ms)
		RebuildTransferFunctionScriptingTraits (0ms)
		AnalyzeDomain (19ms)
			TypeCache.Refresh (8ms)
				TypeCache.ScanAssembly (0ms)
			ScanForSourceGeneratedMonoScriptInfo (0ms)
			ResolveRequiredComponents (9ms)
	FinalizeReload (1519ms)
		ReleaseScriptCaches (0ms)
		RebuildScriptCaches (0ms)
		SetupLoadedEditorAssemblies (833ms)
			LogAssemblyErrors (0ms)
			InitializePlatformSupportModulesInManaged (6ms)
			SetLoadedEditorAssemblies (6ms)
			RefreshPlugins (0ms)
			BeforeProcessingInitializeOnLoad (105ms)
			ProcessInitializeOnLoadAttributes (676ms)
			ProcessInitializeOnLoadMethodAttributes (34ms)
			AfterProcessingInitializeOnLoad (5ms)
			EditorAssembliesLoaded (0ms)
		ExecutionOrderSort2 (0ms)
		AwakeInstancesAfterBackupRestoration (11ms)
Refreshing native plugins compatible for Editor in 3.71 ms, found 3 plugins.
Preloading 0 native plugins for Editor in 0.00 ms.
Unloading 3973 Unused Serialized files (Serialized files now loaded: 0)
Unloading 27 unused Assets / (150.1 KB). Loaded Objects now: 4479.
Memory consumption went from 145.5 MB to 145.4 MB.
Total: 5.523200 ms (FindLiveObjects: 0.453900 ms CreateObjectMapping: 0.505200 ms MarkObjects: 4.419800 ms  DeleteObjects: 0.142700 ms)

Prepare: number of updated asset objects reloaded= 0
AssetImportParameters requested are different than current active one (requested -> active):
  custom:container-demuxer-ogg: 62fdf1f143b41e24485cea50d1cbac27 -> 
  custom:video-decoder-ogg-theora: a1e56fd34408186e4bbccfd4996cb3dc -> 
  custom:framework-win-MediaFoundation: 216162199b28c13a410421893ffa2e32 -> 
  custom:CustomObjectIndexerAttribute: 756ad292c208cfabdd7b50bc23989ffe -> 
  custom:container-demuxer-webm: 4f35f7cbe854078d1ac9338744f61a02 -> 
  custom:container-muxer-webm: aa71ff27fc2769a1b78a27578f13a17b -> 
  custom:video-decoder-webm-vp8: 9c59270c3fd7afecdb556c50c9e8de78 -> 
  custom:SearchIndexIgnoredProperties: e643bd26f0fe6173181afceb89e7c659 -> 
  custom:AudioImporter_EditorPlatform: d09bf68614088b80899f8185d706f6e7 -> 
  custom:video-encoder-webm-vp8: eb34c28f22e8b96e1ab97ce403110664 -> 
  custom:audio-decoder-ogg-vorbis: bf7c407c2cedff20999df2af8eb42d56 -> 
  custom:audio-encoder-webm-vorbis: bf7c407c2cedff20999df2af8eb42d56 -> 
